<?xml version="1.0" encoding="UTF-8"?>
<!-- Generated by org.testng.reporters.JUnitReportReporter -->
<testsuite skipped="0" hostname="DESKTOP-O1JPDAB" name="com.test.testcases.HMSTestcases" tests="1" failures="0" timestamp="14 Sep 2017 16:41:38 GMT" time="7.879" errors="0">
  <testcase name="verifyLoginTest" time="7.879" classname="com.test.testcases.HMSTestcases"/>
</testsuite> <!-- com.test.testcases.HMSTestcases -->
